{"numFailedTestSuites":0,"numFailedTests":0,"numPassedTestSuites":1,"numPassedTests":1,"numPendingTestSuites":0,"numPendingTests":0,"numRuntimeErrorTestSuites":0,"numTodoTests":0,"numTotalTestSuites":1,"numTotalTests":1,"openHandles":[],"snapshot":{"added":0,"didUpdate":false,"failure":false,"filesAdded":0,"filesRemoved":0,"filesRemovedList":[],"filesUnmatched":0,"filesUpdated":0,"matched":0,"total":0,"unchecked":0,"uncheckedKeysByFile":[],"unmatched":0,"updated":0},"startTime":1748095888047,"success":true,"testResults":[{"assertionResults":[{"ancestorTitles":[],"failureMessages":[],"fullName":"renders learn react link","location":null,"status":"passed","title":"renders learn react link"}],"endTime":1748095891136,"message":"","name":"D:\\Fawry\\CICD session 1-2 task_Q2\\cicd-session-1-2-task_q2\\src\\App.test.js","startTime":1748095889296,"status":"passed","summary":""}],"wasInterrupted":false}